<?xml version="1.0" encoding="UTF-8"?>
<!-- Generated by org.testng.reporters.JUnitReportReporter -->
<testsuite hostname="DESKTOP-K5RJE3C" failures="0" tests="2" name="com.mydemo.logPrint.PrintLogTest" time="0.001" errors="0" timestamp="2023-11-09T20:04:16 EET" skipped="0">
  <testcase classname="com.mydemo.logPrint.PrintLogTest" name="testPrint" time="0.001"/>
  <testcase classname="com.mydemo.logPrint.PrintLogTest" name="testWrongPrint" time="0.000"/>
</testsuite> <!-- com.mydemo.logPrint.PrintLogTest -->
