<?xml version="1.0" encoding="UTF-8"?>
<!-- Generated by org.testng.reporters.JUnitReportReporter -->
<testsuite hostname="DESKTOP-K5RJE3C" failures="0" tests="4" name="com.mydemo.calc.MathCalcTest" time="0.009" errors="0" timestamp="2023-11-09T20:04:16 EET" skipped="0">
  <testcase classname="com.mydemo.calc.MathCalcTest" name="testSubtraction" time="0.002"/>
  <testcase classname="com.mydemo.calc.MathCalcTest" name="testMultiplication" time="0.001"/>
  <testcase classname="com.mydemo.calc.MathCalcTest" name="testDivision" time="0.001"/>
  <testcase classname="com.mydemo.calc.MathCalcTest" name="testAddition" time="0.005"/>
</testsuite> <!-- com.mydemo.calc.MathCalcTest -->
